<?xml version="1.0" encoding="UTF-8"?>
<!-- Generated by org.testng.reporters.JUnitReportReporter -->
<testsuite hostname="LAPTOP-1PGP3QDM" failures="0" tests="1" name="MvanPckage.MvnClass" time="58.308" errors="0" timestamp="2022-02-26T19:26:17 IST" skipped="0">
  <testcase classname="MvanPckage.MvnClass" name="openiur" time="58.308"/>
  <system-out/>
</testsuite> <!-- MvanPckage.MvnClass -->
